<?xml version="1.0" encoding="UTF-8"?>
<!-- Generated by org.testng.reporters.JUnitReportReporter -->
<testsuite hostname="LAPTOP-A19DT6ER" failures="0" tests="1" name="keywordDriverFramework.Application" time="31.284" errors="0" timestamp="2020-06-04T11:39:38 EDT" skipped="0">
  <testcase classname="keywordDriverFramework.Application" name="InvalidLogin" time="31.284"/>
  <system-out/>
</testsuite> <!-- keywordDriverFramework.Application -->
